[debug] [2019-10-21T20:18:28.441Z] ----------------------------------------------------------------------
[debug] [2019-10-21T20:18:28.444Z] Command:       /home/dan1/.nvm/versions/node/v10.16.3/bin/node /home/dan1/.nvm/versions/node/v10.16.3/bin/firebase init
[debug] [2019-10-21T20:18:28.444Z] CLI Version:   7.3.2
[debug] [2019-10-21T20:18:28.444Z] Platform:      linux
[debug] [2019-10-21T20:18:28.444Z] Node Version:  v10.16.3
[debug] [2019-10-21T20:18:28.447Z] Time:          Tue Oct 22 2019 01:18:28 GMT+0500 (Yekaterinburg Standard Time)
[debug] [2019-10-21T20:18:28.447Z] ----------------------------------------------------------------------
[debug] 
[debug] [2019-10-21T20:18:28.455Z] > command requires scopes: ["email","openid","https://www.googleapis.com/auth/cloudplatformprojects.readonly","https://www.googleapis.com/auth/firebase","https://www.googleapis.com/auth/cloud-platform"]
[debug] [2019-10-21T20:18:28.455Z] > authorizing via signed-in user
[info] 
     ######## #### ########  ######## ########     ###     ######  ########
     ##        ##  ##     ## ##       ##     ##  ##   ##  ##       ##
     ######    ##  ########  ######   ########  #########  ######  ######
     ##        ##  ##    ##  ##       ##     ## ##     ##       ## ##
     ##       #### ##     ## ######## ########  ##     ##  ######  ########

You're about to initialize a Firebase project in this directory:

  /home/dan1/museum-bot

Before we get started, keep in mind:

  * You are initializing in an existing Firebase project directory

[info] 
=== Project Setup
[info] 
[info] First, let's associate this project directory with a Firebase project.
[info] You can create multiple project aliases by running firebase use --add, 
[info] but for now we'll just set up a default project.
[info] 
[info] i  .firebaserc already has a default project, using museumguidebot.
[debug] [2019-10-21T20:18:31.929Z] > refreshing access token with scopes: ["email","https://www.googleapis.com/auth/cloud-platform","https://www.googleapis.com/auth/cloudplatformprojects.readonly","https://www.googleapis.com/auth/firebase","openid"]
[debug] [2019-10-21T20:18:31.930Z] >>> HTTP REQUEST POST https://www.googleapis.com/oauth2/v3/token  
 <request body omitted>
[debug] [2019-10-21T20:18:36.081Z] <<< HTTP RESPONSE 200
[debug] [2019-10-21T20:18:36.093Z] >>> HTTP REQUEST GET https://firebase.googleapis.com/v1beta1/projects/museumguidebot  
 
[debug] [2019-10-21T20:18:39.390Z] <<< HTTP RESPONSE 200
[info] 
=== Functions Setup
[info] 
[info] A functions directory will be created in your project with a Node.js
[info] package pre-configured. Functions can be deployed with firebase deploy.
[info] 
[debug] [2019-10-21T20:18:39.401Z] > command requires scopes: ["email","openid","https://www.googleapis.com/auth/cloudplatformprojects.readonly","https://www.googleapis.com/auth/firebase","https://www.googleapis.com/auth/cloud-platform"]
[debug] [2019-10-21T20:18:39.403Z] > authorizing via signed-in user
[debug] [2019-10-21T20:18:39.406Z] >>> HTTP REQUEST GET https://firebase.googleapis.com/v1beta1/projects/museumguidebot  
 
[debug] [2019-10-21T20:18:42.140Z] <<< HTTP RESPONSE 200
[debug] [2019-10-21T20:18:42.163Z] >>> HTTP REQUEST POST https://serviceusage.googleapis.com/v1/projects/museumguidebot/services/cloudfunctions.googleapis.com:enable  
 
[debug] [2019-10-21T20:18:42.165Z] >>> HTTP REQUEST POST https://serviceusage.googleapis.com/v1/projects/museumguidebot/services/runtimeconfig.googleapis.com:enable  
 
[debug] [2019-10-21T20:18:45.821Z] <<< HTTP RESPONSE 200
[debug] [2019-10-21T20:18:46.555Z] <<< HTTP RESPONSE 200
[info] ✔  Wrote functions/package.json
[info] ✔  Wrote functions/tslint.json
[info] ✔  Wrote functions/tsconfig.json
[info] ✔  Wrote functions/src/index.ts
[info] ✔  Wrote functions/.gitignore
